{
  "RSpec": {
    "coverage": {
      "C:/Users/Jean-Francois/github/TicTacToeUI/lib/TicTacToe.rb": {
        "lines": [
          1,
          null,
          null,
          1,
          null,
          null,
          null,
          null,
          1,
          null,
          1,
          7,
          null,
          null,
          1,
          11,
          67,
          198,
          null,
          null,
          null,
          null,
          1,
          11,
          44,
          null,
          33,
          11,
          null,
          null,
          1,
          11,
          null,
          null,
          1,
          11,
          null,
          null,
          1,
          11,
          null,
          null,
          1,
          11,
          null,
          null,
          1,
          11,
          null,
          null,
          1,
          11,
          11,
          11,
          null,
          null,
          1,
          10,
          null,
          null,
          1,
          10,
          null,
          null,
          1,
          7,
          null,
          null,
          1,
          0,
          null,
          null,
          1,
          null,
          1,
          0,
          0,
          null,
          null,
          null,
          1,
          11,
          11,
          11,
          11,
          11,
          11,
          null,
          0,
          null,
          null,
          null,
          null,
          1,
          7,
          11,
          null,
          7,
          2,
          5,
          1,
          null,
          null,
          null,
          null
        ]
      }
    },
    "timestamp": 1592497979
  }
}
